<?xml version="1.0" encoding="UTF-8"?>
<testsuite name="Tests" tests="10" skipped="0" failures="0" errors="0" timestamp="2020-12-24T08:30:48" hostname="DESKTOP-6V3J7HD" time="0.023">
  <properties/>
  <testcase name="testEmpty()" classname="Tests" time="0.01"/>
  <testcase name="testMinus()" classname="Tests" time="0.001"/>
  <testcase name="testPlus()" classname="Tests" time="0.0"/>
  <testcase name="testMinValue()" classname="Tests" time="0.001"/>
  <testcase name="testRadixSpecifier1()" classname="Tests" time="0.0"/>
  <testcase name="testRadixSpecifier2()" classname="Tests" time="0.0"/>
  <testcase name="testRadixSpecifier3()" classname="Tests" time="0.0"/>
  <testcase name="testRadixSpecifier4()" classname="Tests" time="0.001"/>
  <testcase name="testDoubleSign()" classname="Tests" time="0.001"/>
  <testcase name="testStandard()" classname="Tests" time="0.001"/>
  <system-out><![CDATA[]]></system-out>
  <system-err><![CDATA[]]></system-err>
</testsuite>
